# JRE version: Java(TM) SE Runtime Environment (25.0+37) (build 25+37-LTS-3491)
# Java VM: Java HotSpot(TM) 64-Bit Server VM (25+37-LTS-3491, mixed mode, sharing, tiered, compressed oops, compressed class ptrs, g1 gc, windows-amd64)
GC Precious Log:
 CardTable entry size: 512
 Card Set container configuration: InlinePtr #cards 4 size 8 Array Of Cards #cards 16 size 48 Howl #buckets 8 coarsen threshold 3686 Howl Bitmap #cards 512 size 80 coarsen threshold 460 Card regions per heap region 1 cards per card region 4096
 CPUs: 16 total, 16 available
 Memory: 16068M
 Large Page Support: Disabled
 NUMA Support: Disabled
 Compressed Oops: Enabled (Zero based)
 Heap Region Size: 2M
 Heap Min Capacity: 8M
 Heap Initial Capacity: 252M
 Heap Max Capacity: 4018M
 Pre-touch: Disabled
 Parallel Workers: 13
 Concurrent Workers: 3
 Concurrent Refinement Workers: 13
 Periodic GC: Disabled
Heap:
 garbage-first heap   total reserved 4114432K, committed 94208K, used 43255K [0x0000000704e00000, 0x0000000800000000)
  region size 2048K, 9 young (18432K), 3 survivors (6144K)
GC Heap Usage History (20 events):
Event: 3.309 {heap Before GC invocations=4 (full 0):
 garbage-first heap   total reserved 4114432K, committed 77824K, used 51104K [0x0000000704e00000, 0x0000000800000000)
  region size 2048K, 21 young (43008K), 5 survivors (10240K)
}
Event: 3.317 {heap After GC invocations=5 (full 0):
 garbage-first heap   total reserved 4114432K, committed 77824K, used 20138K [0x0000000704e00000, 0x0000000800000000)
  region size 2048K, 2 young (4096K), 2 survivors (4096K)
}
Event: 3.358 {heap Before GC invocations=5 (full 0):
 garbage-first heap   total reserved 4114432K, committed 77824K, used 22186K [0x0000000704e00000, 0x0000000800000000)
  region size 2048K, 4 young (8192K), 2 survivors (4096K)
}
Event: 3.363 {heap After GC invocations=6 (full 0):
 garbage-first heap   total reserved 4114432K, committed 77824K, used 20157K [0x0000000704e00000, 0x0000000800000000)
  region size 2048K, 2 young (4096K), 2 survivors (4096K)
}
Event: 3.986 {heap Before GC invocations=7 (full 0):
 garbage-first heap   total reserved 4114432K, committed 77824K, used 57021K [0x0000000704e00000, 0x0000000800000000)
  region size 2048K, 20 young (40960K), 2 survivors (4096K)
}
Event: 3.991 {heap After GC invocations=8 (full 0):
 garbage-first heap   total reserved 4114432K, committed 77824K, used 23346K [0x0000000704e00000, 0x0000000800000000)
  region size 2048K, 3 young (6144K), 3 survivors (6144K)
}
Event: 4.680 {heap Before GC invocations=8 (full 0):
 garbage-first heap   total reserved 4114432K, committed 77824K, used 58162K [0x0000000704e00000, 0x0000000800000000)
  region size 2048K, 21 young (43008K), 3 survivors (6144K)
}
Event: 4.686 {heap After GC invocations=9 (full 0):
 garbage-first heap   total reserved 4114432K, committed 77824K, used 25454K [0x0000000704e00000, 0x0000000800000000)
  region size 2048K, 2 young (4096K), 2 survivors (4096K)
}
Event: 5.092 {heap Before GC invocations=9 (full 0):
 garbage-first heap   total reserved 4114432K, committed 77824K, used 47982K [0x0000000704e00000, 0x0000000800000000)
  region size 2048K, 14 young (28672K), 2 survivors (4096K)
}
Event: 5.097 {heap After GC invocations=10 (full 0):
 garbage-first heap   total reserved 4114432K, committed 77824K, used 27208K [0x0000000704e00000, 0x0000000800000000)
  region size 2048K, 2 young (4096K), 2 survivors (4096K)
}
Event: 5.311 {heap Before GC invocations=11 (full 0):
 garbage-first heap   total reserved 4114432K, committed 77824K, used 64072K [0x0000000704e00000, 0x0000000800000000)
  region size 2048K, 20 young (40960K), 2 survivors (4096K)
}
Event: 5.316 {heap After GC invocations=12 (full 0):
 garbage-first heap   total reserved 4114432K, committed 77824K, used 31385K [0x0000000704e00000, 0x0000000800000000)
  region size 2048K, 3 young (6144K), 3 survivors (6144K)
}
Event: 5.488 {heap Before GC invocations=12 (full 0):
 garbage-first heap   total reserved 4114432K, committed 77824K, used 62105K [0x0000000704e00000, 0x0000000800000000)
  region size 2048K, 19 young (38912K), 3 survivors (6144K)
}
Event: 5.493 {heap After GC invocations=13 (full 0):
 garbage-first heap   total reserved 4114432K, committed 77824K, used 29123K [0x0000000704e00000, 0x0000000800000000)
  region size 2048K, 1 young (2048K), 1 survivors (2048K)
}
Event: 5.543 {heap Before GC invocations=13 (full 0):
 garbage-first heap   total reserved 4114432K, committed 77824K, used 65987K [0x0000000704e00000, 0x0000000800000000)
  region size 2048K, 19 young (38912K), 1 survivors (2048K)
}
Event: 5.546 {heap After GC invocations=14 (full 0):
 garbage-first heap   total reserved 4114432K, committed 94208K, used 29743K [0x0000000704e00000, 0x0000000800000000)
  region size 2048K, 1 young (2048K), 1 survivors (2048K)
}
Event: 5.600 {heap Before GC invocations=14 (full 0):
 garbage-first heap   total reserved 4114432K, committed 94208K, used 78895K [0x0000000704e00000, 0x0000000800000000)
  region size 2048K, 25 young (51200K), 1 survivors (2048K)
}
Event: 5.603 {heap After GC invocations=15 (full 0):
 garbage-first heap   total reserved 4114432K, committed 94208K, used 30463K [0x0000000704e00000, 0x0000000800000000)
  region size 2048K, 2 young (4096K), 2 survivors (4096K)
}
Event: 186.962 {heap Before GC invocations=15 (full 0):
 garbage-first heap   total reserved 4114432K, committed 94208K, used 77567K [0x0000000704e00000, 0x0000000800000000)
  region size 2048K, 26 young (53248K), 2 survivors (4096K)
}
Event: 186.969 {heap After GC invocations=16 (full 0):
 garbage-first heap   total reserved 4114432K, committed 94208K, used 33015K [0x0000000704e00000, 0x0000000800000000)
  region size 2048K, 3 young (6144K), 3 survivors (6144K)
}

